[0;36mnotice: Ignoring --listen on onetime run[0m
[0;32minfo: Retrieving plugin[0m
[0;32minfo: Caching catalog for puppet.pegs.com[0m
[0;32minfo: Applying configuration version '1298947112'[0m
[0;36mnotice: /Stage[main]/Dashboard::Package/Exec[puppetlabs_aptkey]/returns: executed successfully[0m
--- /etc/resolv.conf	2011-03-01 02:28:31.194155111 +0000
+++ /tmp/puppet-file20110301-32660-9em3c8-0	2011-03-01 02:39:13.280615086 +0000
@@ -1,3 +1,3 @@
-nameserver 172.16.116.2
 domain pegs.com
-search pegs.com
+search pegs.com pegsinc.com
+nameserver 172.16.116.2
[0;32minfo: FileBucket got a duplicate file /etc/resolv.conf ({md5}dcba40f2bfbb80e4e461964b04344c88)[0m
[0;32minfo: /Stage[main]//Node[basenode]/Resolver::Conf[vmware-pegs]/File[/etc/resolv.conf]: Filebucketed /etc/resolv.conf to puppet with sum dcba40f2bfbb80e4e461964b04344c88[0m
[0;36mnotice: /Stage[main]//Node[basenode]/Resolver::Conf[vmware-pegs]/File[/etc/resolv.conf]/content: content changed '{md5}dcba40f2bfbb80e4e461964b04344c88' to '{md5}3abd7881bec00134e6dfc8e0f1e129a8'[0m
--- /var/lib/puppet/debug/variables/nrpe	2011-02-28 22:49:47.168427090 +0000
+++ /tmp/puppet-file20110301-32660-7uxl6i-0	2011-03-01 02:39:13.532604965 +0000
@@ -5,7 +5,7 @@
 User variables:
 $allowed_hosts = 172.16.116.133
 $port = 5666
-$dont_blame_nrpe = 0
+$dont_blame_nrpe = 1
 $use_ssl = yes
 $nagios_grouplogic = 
 $grouptag = 
[0;32minfo: FileBucket adding /var/lib/puppet/debug/variables/nrpe as {md5}2de55cd63179bd5dd7119f2453cd4700[0m
[0;32minfo: /Stage[main]/Nrpe::Debug/File[puppet_debug_variables_nrpe]: Filebucketed /var/lib/puppet/debug/variables/nrpe to puppet with sum 2de55cd63179bd5dd7119f2453cd4700[0m
[0;36mnotice: /Stage[main]/Nrpe::Debug/File[puppet_debug_variables_nrpe]/content: content changed '{md5}2de55cd63179bd5dd7119f2453cd4700' to '{md5}777310a38248010041b623f3a3f7c1bd'[0m
--- /etc/nagios/nrpe.cfg	2011-02-28 22:37:07.828366124 +0000
+++ /tmp/puppet-file20110301-32660-1rnzu5c-0	2011-03-01 02:39:13.624601270 +0000
@@ -6,7 +6,7 @@
 nrpe_user=nagios
 nrpe_group=nagios
 allowed_hosts=172.16.116.133
-dont_blame_nrpe=0
+dont_blame_nrpe=1
 # command_prefix=/usr/bin/sudo 
 debug=0
 command_timeout=60
[0;32minfo: FileBucket adding /etc/nagios/nrpe.cfg as {md5}cde2ab3514aec3ef2a76b99c96fe5661[0m
[0;32minfo: /Stage[main]/Nrpe/File[nrpe.conf]: Filebucketed /etc/nagios/nrpe.cfg to puppet with sum cde2ab3514aec3ef2a76b99c96fe5661[0m
[0;36mnotice: /Stage[main]/Nrpe/File[nrpe.conf]/content: content changed '{md5}cde2ab3514aec3ef2a76b99c96fe5661' to '{md5}d629b40965be6eb92327b2bc90d63335'[0m
[0;32minfo: /Stage[main]/Nrpe/File[nrpe.conf]: Scheduling refresh of Service[nrpe][0m
[0;32minfo: /Stage[main]/Nrpe/File[nrpe.conf]: Scheduling refresh of Service[nrpe][0m
[0;36mnotice: /Stage[main]/Nrpe/Service[nrpe]: Triggered 'refresh' from 2 events[0m
[0;36mnotice: Finished catalog run in 11.04 seconds[0m
Changes:
            Total: 4
Events:
          Success: 4
            Total: 4
Resources:
          Changed: 4
      Out of sync: 4
        Restarted: 1
            Total: 203
Time:
   Config retrieval: 13.00
             Exec: 2.98
             File: 1.85
       Filebucket: 0.00
          Package: 0.02
         Schedule: 0.00
          Service: 3.48
             User: 0.00
             Whit: 0.02
